[2019-10-20 20:29:34,456] SEVERE {b7a.log.crash} - fromIndex(2) > toIndex(1) 
java.lang.IllegalArgumentException: fromIndex(2) > toIndex(1)
	at java.util.ArrayList.subListRangeCheck(ArrayList.java:1014)
	at java.util.ArrayList.subList(ArrayList.java:1004)
	at org.ballerinalang.net.http.SignatureParams.validate(SignatureParams.java:50)
	at org.ballerinalang.net.http.HttpResource.prepareAndValidateSignatureParams(HttpResource.java:280)
	at org.ballerinalang.net.http.HttpResource.buildHttpResource(HttpResource.java:218)
	at org.ballerinalang.net.http.HttpService.buildHttpService(HttpService.java:243)
	at org.ballerinalang.net.http.HTTPServicesRegistry.registerService(HTTPServicesRegistry.java:102)
	at org.ballerinalang.net.http.serviceendpoint.Register.register(Register.java:70)
	at ballerina.http.$value$Listener.register(service_endpoint.bal:91)
	at ballerina.http.$value$Listener.call(service_endpoint.bal)
	at ballerina.http.$value$Listener.__attach(service_endpoint.bal:49)
	at ballerina.http.$value$Listener.call(service_endpoint.bal)
	at ___init.___init_(.:120)
	at ___init.$moduleInit(.:65535)
	at ___init.$lambda$$moduleInit$(.)
	at org.ballerinalang.jvm.scheduling.SchedulerItem.execute(Scheduler.java:486)
	at org.ballerinalang.jvm.scheduling.Scheduler.run(Scheduler.java:237)
	at org.ballerinalang.jvm.scheduling.Scheduler.runSafely(Scheduler.java:207)
	at java.lang.Thread.run(Thread.java:748)
 
[2019-10-20 20:29:34,483] SEVERE {b7a.log.crash} - fromIndex(2) > toIndex(1) 
java.lang.IllegalArgumentException: fromIndex(2) > toIndex(1)
	at java.util.ArrayList.subListRangeCheck(ArrayList.java:1014)
	at java.util.ArrayList.subList(ArrayList.java:1004)
	at org.ballerinalang.net.http.SignatureParams.validate(SignatureParams.java:50)
	at org.ballerinalang.net.http.HttpResource.prepareAndValidateSignatureParams(HttpResource.java:280)
	at org.ballerinalang.net.http.HttpResource.buildHttpResource(HttpResource.java:218)
	at org.ballerinalang.net.http.HttpService.buildHttpService(HttpService.java:243)
	at org.ballerinalang.net.http.HTTPServicesRegistry.registerService(HTTPServicesRegistry.java:102)
	at org.ballerinalang.net.http.serviceendpoint.Register.register(Register.java:70)
	at ballerina.http.$value$Listener.register(service_endpoint.bal:91)
	at ballerina.http.$value$Listener.call(service_endpoint.bal)
	at ballerina.http.$value$Listener.__attach(service_endpoint.bal:49)
	at ballerina.http.$value$Listener.call(service_endpoint.bal)
	at ___init.___init_(.:120)
	at ___init.$moduleInit(.:65535)
	at ___init.$lambda$$moduleInit$(.)
	at org.ballerinalang.jvm.scheduling.SchedulerItem.execute(Scheduler.java:486)
	at org.ballerinalang.jvm.scheduling.Scheduler.run(Scheduler.java:237)
	at org.ballerinalang.jvm.scheduling.Scheduler.runSafely(Scheduler.java:207)
	at java.lang.Thread.run(Thread.java:748)
 
[2019-10-20 20:36:02,843] SEVERE {b7a.log.crash} - fromIndex(2) > toIndex(1) 
java.lang.IllegalArgumentException: fromIndex(2) > toIndex(1)
	at java.util.ArrayList.subListRangeCheck(ArrayList.java:1014)
	at java.util.ArrayList.subList(ArrayList.java:1004)
	at org.ballerinalang.net.http.SignatureParams.validate(SignatureParams.java:50)
	at org.ballerinalang.net.http.HttpResource.prepareAndValidateSignatureParams(HttpResource.java:280)
	at org.ballerinalang.net.http.HttpResource.buildHttpResource(HttpResource.java:218)
	at org.ballerinalang.net.http.HttpService.buildHttpService(HttpService.java:243)
	at org.ballerinalang.net.http.HTTPServicesRegistry.registerService(HTTPServicesRegistry.java:102)
	at org.ballerinalang.net.http.serviceendpoint.Register.register(Register.java:70)
	at ballerina.http.$value$Listener.register(service_endpoint.bal:91)
	at ballerina.http.$value$Listener.call(service_endpoint.bal)
	at ballerina.http.$value$Listener.__attach(service_endpoint.bal:49)
	at ballerina.http.$value$Listener.call(service_endpoint.bal)
	at ___init.___init_(.:120)
	at ___init.$moduleInit(.:65535)
	at ___init.$lambda$$moduleInit$(.)
	at org.ballerinalang.jvm.scheduling.SchedulerItem.execute(Scheduler.java:486)
	at org.ballerinalang.jvm.scheduling.Scheduler.run(Scheduler.java:237)
	at org.ballerinalang.jvm.scheduling.Scheduler.runSafely(Scheduler.java:207)
	at java.lang.Thread.run(Thread.java:748)
 
[2019-10-20 20:36:02,848] SEVERE {b7a.log.crash} - fromIndex(2) > toIndex(1) 
java.lang.IllegalArgumentException: fromIndex(2) > toIndex(1)
	at java.util.ArrayList.subListRangeCheck(ArrayList.java:1014)
	at java.util.ArrayList.subList(ArrayList.java:1004)
	at org.ballerinalang.net.http.SignatureParams.validate(SignatureParams.java:50)
	at org.ballerinalang.net.http.HttpResource.prepareAndValidateSignatureParams(HttpResource.java:280)
	at org.ballerinalang.net.http.HttpResource.buildHttpResource(HttpResource.java:218)
	at org.ballerinalang.net.http.HttpService.buildHttpService(HttpService.java:243)
	at org.ballerinalang.net.http.HTTPServicesRegistry.registerService(HTTPServicesRegistry.java:102)
	at org.ballerinalang.net.http.serviceendpoint.Register.register(Register.java:70)
	at ballerina.http.$value$Listener.register(service_endpoint.bal:91)
	at ballerina.http.$value$Listener.call(service_endpoint.bal)
	at ballerina.http.$value$Listener.__attach(service_endpoint.bal:49)
	at ballerina.http.$value$Listener.call(service_endpoint.bal)
	at ___init.___init_(.:120)
	at ___init.$moduleInit(.:65535)
	at ___init.$lambda$$moduleInit$(.)
	at org.ballerinalang.jvm.scheduling.SchedulerItem.execute(Scheduler.java:486)
	at org.ballerinalang.jvm.scheduling.Scheduler.run(Scheduler.java:237)
	at org.ballerinalang.jvm.scheduling.Scheduler.runSafely(Scheduler.java:207)
	at java.lang.Thread.run(Thread.java:748)
 
[2019-10-20 20:38:38,749] SEVERE {b7a.log.crash} - fromIndex(2) > toIndex(1) 
java.lang.IllegalArgumentException: fromIndex(2) > toIndex(1)
	at java.util.ArrayList.subListRangeCheck(ArrayList.java:1014)
	at java.util.ArrayList.subList(ArrayList.java:1004)
	at org.ballerinalang.net.http.SignatureParams.validate(SignatureParams.java:50)
	at org.ballerinalang.net.http.HttpResource.prepareAndValidateSignatureParams(HttpResource.java:280)
	at org.ballerinalang.net.http.HttpResource.buildHttpResource(HttpResource.java:218)
	at org.ballerinalang.net.http.HttpService.buildHttpService(HttpService.java:243)
	at org.ballerinalang.net.http.HTTPServicesRegistry.registerService(HTTPServicesRegistry.java:102)
	at org.ballerinalang.net.http.serviceendpoint.Register.register(Register.java:70)
	at ballerina.http.$value$Listener.register(service_endpoint.bal:91)
	at ballerina.http.$value$Listener.call(service_endpoint.bal)
	at ballerina.http.$value$Listener.__attach(service_endpoint.bal:49)
	at ballerina.http.$value$Listener.call(service_endpoint.bal)
	at ___init.___init_(.:120)
	at ___init.$moduleInit(.:65535)
	at ___init.$lambda$$moduleInit$(.)
	at org.ballerinalang.jvm.scheduling.SchedulerItem.execute(Scheduler.java:486)
	at org.ballerinalang.jvm.scheduling.Scheduler.run(Scheduler.java:237)
	at org.ballerinalang.jvm.scheduling.Scheduler.runSafely(Scheduler.java:207)
	at java.lang.Thread.run(Thread.java:748)
 
[2019-10-20 20:38:38,770] SEVERE {b7a.log.crash} - fromIndex(2) > toIndex(1) 
java.lang.IllegalArgumentException: fromIndex(2) > toIndex(1)
	at java.util.ArrayList.subListRangeCheck(ArrayList.java:1014)
	at java.util.ArrayList.subList(ArrayList.java:1004)
	at org.ballerinalang.net.http.SignatureParams.validate(SignatureParams.java:50)
	at org.ballerinalang.net.http.HttpResource.prepareAndValidateSignatureParams(HttpResource.java:280)
	at org.ballerinalang.net.http.HttpResource.buildHttpResource(HttpResource.java:218)
	at org.ballerinalang.net.http.HttpService.buildHttpService(HttpService.java:243)
	at org.ballerinalang.net.http.HTTPServicesRegistry.registerService(HTTPServicesRegistry.java:102)
	at org.ballerinalang.net.http.serviceendpoint.Register.register(Register.java:70)
	at ballerina.http.$value$Listener.register(service_endpoint.bal:91)
	at ballerina.http.$value$Listener.call(service_endpoint.bal)
	at ballerina.http.$value$Listener.__attach(service_endpoint.bal:49)
	at ballerina.http.$value$Listener.call(service_endpoint.bal)
	at ___init.___init_(.:120)
	at ___init.$moduleInit(.:65535)
	at ___init.$lambda$$moduleInit$(.)
	at org.ballerinalang.jvm.scheduling.SchedulerItem.execute(Scheduler.java:486)
	at org.ballerinalang.jvm.scheduling.Scheduler.run(Scheduler.java:237)
	at org.ballerinalang.jvm.scheduling.Scheduler.runSafely(Scheduler.java:207)
	at java.lang.Thread.run(Thread.java:748)
 
